<?xml version="1.0" encoding="UTF-8"?>
<!-- Generated by org.testng.reporters.JUnitReportReporter -->
<testsuite hostname="WKWIN0638939" name="com.sapient.ImageComparison.CaptureImagesForFirstSetOfURL" tests="1" failures="0" timestamp="20 Jun 2019 13:26:19 GMT" time="53.653" errors="0">
  <testcase name="captureImageForFirstSet" time="53.653" classname="com.sapient.ImageComparison.CaptureImagesForFirstSetOfURL"/>
</testsuite> <!-- com.sapient.ImageComparison.CaptureImagesForFirstSetOfURL -->
