<?xml version="1.0" encoding="UTF-8"?>
<!-- Generated by org.testng.reporters.JUnitReportReporter -->
<testsuite hostname="WKWIN0638939" name="com.sapient.ImageComparison.CaptureImagesForSecondSetOfURL" tests="1" failures="0" timestamp="20 Jun 2019 13:24:43 GMT" time="86.098" errors="0">
  <testcase name="captureImageForSecondSet" time="86.098" classname="com.sapient.ImageComparison.CaptureImagesForSecondSetOfURL"/>
</testsuite> <!-- com.sapient.ImageComparison.CaptureImagesForSecondSetOfURL -->
