<?xml version="1.0" encoding="UTF-8"?>
<!-- Generated by org.testng.reporters.JUnitReportReporter -->
<testsuite hostname="WKWIN0638939" name="com.sapient.ImageComparison.CompareImageTwo" tests="1" failures="0" timestamp="20 Jun 2019 13:27:04 GMT" time="16.382" errors="0">
  <testcase name="ImageComparison" time="16.382" classname="com.sapient.ImageComparison.CompareImageTwo"/>
</testsuite> <!-- com.sapient.ImageComparison.CompareImageTwo -->
